2020-07-23 10:14:02 +0000  Initial pipeline context: <IDEDistributionProcessingPipelineContext: 0x7fb55aee8bf0; archive(resolved)='<IDEArchive: 0x7fb5566a1600>', distributionTask(resolved)='2', distributionDestination(resolved)='1', distributionMethod(resolved)='<IDEDistributionMethodiOSAppStoreDistribution: 0x7fb55b00a4f0>', team(resolved)='<IDEProvisioningDisambiguatableBasicTeam: 0x7fb551009aa0; teamID='9MSP46PSW9', teamName='ZoneU, LLC', teamType='Company', username='thusitha.4t@gmail.com', isFreeProvisioningTeam='0'>'>
	Chain (12, self inclusive):
	<IDEDistributionProcessingPipelineContext: 0x7fb55aee8bf0; archive = '<IDEArchive: 0x7fb5566a1600>', distributionMethod='<IDEDistributionMethodiOSAppStoreDistribution: 0x7fb55b00a4f0>', team='<IDEProvisioningDisambiguatableBasicTeam: 0x7fb551009aa0; teamID='9MSP46PSW9', teamName='ZoneU, LLC', teamType='Company', username='thusitha.4t@gmail.com', isFreeProvisioningTeam='0'>'>
	<IDEDistributionProcessingPipelineContext: 0x7fb55b18f700; archive = '<IDEArchive: 0x7fb5566a1600>', distributionMethod='<IDEDistributionMethodiOSAppStoreDistribution: 0x7fb55b00a4f0>', team='<IDEProvisioningDisambiguatableBasicTeam: 0x7fb551009aa0; teamID='9MSP46PSW9', teamName='ZoneU, LLC', teamType='Company', username='thusitha.4t@gmail.com', isFreeProvisioningTeam='0'>'>
	<IDEDistributionContext: 0x7fb556f4d220; archive = '<IDEArchive: 0x7fb5566a1600>', distributionMethod='<IDEDistributionMethodiOSAppStoreDistribution: 0x7fb55b00a4f0>', team='<IDEProvisioningDisambiguatableBasicTeam: 0x7fb551009aa0; teamID='9MSP46PSW9', teamName='ZoneU, LLC', teamType='Company', username='thusitha.4t@gmail.com', isFreeProvisioningTeam='0'>'>
	<IDEDistributionContext: 0x7fb53b4a86c0; archive = '<IDEArchive: 0x7fb5566a1600>', distributionMethod='<IDEDistributionMethodiOSAppStoreDistribution: 0x7fb55b00a4f0>', team='<IDEProvisioningDisambiguatableBasicTeam: 0x7fb551009aa0; teamID='9MSP46PSW9', teamName='ZoneU, LLC', teamType='Company', username='thusitha.4t@gmail.com', isFreeProvisioningTeam='0'>'>
	<IDEDistributionContext: 0x7fb55aac8e10; archive = '<IDEArchive: 0x7fb5566a1600>', distributionMethod='<IDEDistributionMethodiOSAppStoreDistribution: 0x7fb55b00a4f0>', team='<IDEProvisioningDisambiguatableBasicTeam: 0x7fb551009aa0; teamID='9MSP46PSW9', teamName='ZoneU, LLC', teamType='Company', username='thusitha.4t@gmail.com', isFreeProvisioningTeam='0'>'>
	<IDEDistributionContext: 0x7fb55b1e10e0; archive = '<IDEArchive: 0x7fb5566a1600>', distributionMethod='<IDEDistributionMethodiOSAppStoreDistribution: 0x7fb55b00a4f0>', team='<IDEProvisioningDisambiguatableBasicTeam: 0x7fb551009aa0; teamID='9MSP46PSW9', teamName='ZoneU, LLC', teamType='Company', username='thusitha.4t@gmail.com', isFreeProvisioningTeam='0'>'>
	<IDEDistributionContext: 0x7fb55b1dab90; archive = '<IDEArchive: 0x7fb5566a1600>', distributionMethod='<IDEDistributionMethodiOSAppStoreDistribution: 0x7fb55b00a4f0>', team='<IDEProvisioningDisambiguatableBasicTeam: 0x7fb551009aa0; teamID='9MSP46PSW9', teamName='ZoneU, LLC', teamType='Company', username='thusitha.4t@gmail.com', isFreeProvisioningTeam='0'>'>
	<IDEDistributionContext: 0x7fb55b17e120; archive = '<IDEArchive: 0x7fb5566a1600>', distributionMethod='<IDEDistributionMethodiOSAppStoreDistribution: 0x7fb55b00a4f0>', team='<IDEProvisioningDisambiguatableBasicTeam: 0x7fb551009aa0; teamID='9MSP46PSW9', teamName='ZoneU, LLC', teamType='Company', username='thusitha.4t@gmail.com', isFreeProvisioningTeam='0'>'>
	<IDEDistributionContext: 0x7fb55b1ebe60; archive = '<IDEArchive: 0x7fb5566a1600>', distributionMethod='<IDEDistributionMethodiOSAppStoreDistribution: 0x7fb55b00a4f0>', team='<IDEProvisioningDisambiguatableBasicTeam: 0x7fb551009aa0; teamID='9MSP46PSW9', teamName='ZoneU, LLC', teamType='Company', username='thusitha.4t@gmail.com', isFreeProvisioningTeam='0'>'>
	<IDEDistributionContext: 0x7fb551642b30; archive = '<IDEArchive: 0x7fb5566a1600>', distributionMethod='<IDEDistributionMethodiOSAppStoreDistribution: 0x7fb55b00a4f0>', team='(null)'>
	<IDEDistributionContext: 0x7fb55ad63d30; archive = '<IDEArchive: 0x7fb5566a1600>', distributionMethod='<IDEDistributionMethodiOSAppStoreDistribution: 0x7fb55b00a4f0>', team='(null)'>
	<IDEDistributionContext: 0x7fb55ad61950; archive = '<IDEArchive: 0x7fb5566a1600>', distributionMethod='(null)', team='(null)'>
</IDEDistributionProcessingPipelineContext: 0x7fb55aee8bf0>
2020-07-23 10:14:02 +0000  Processing step: IDEDistributionCreateDestRootStep
2020-07-23 10:14:02 +0000  Processing step: IDEDistributionCopyItemStep
2020-07-23 10:14:02 +0000  Running /usr/bin/ditto '-V' '/Users/thuyiya/Library/Developer/Xcode/Archives/2020-07-23/getzonein 7-23-20, 15.30.xcarchive/Products/Applications/getzonein.app' '/var/folders/4y/lvl67x8910v_llv4990glcgr0000gn/T/XcodeDistPipeline.~~~tooYMj/Root/Payload/getzonein.app'
2020-07-23 10:14:02 +0000  >>> Copying /Users/thuyiya/Library/Developer/Xcode/Archives/2020-07-23/getzonein 7-23-20, 15.30.xcarchive/Products/Applications/getzonein.app 
2020-07-23 10:14:02 +0000  copying file ./_CodeSignature/CodeResources ... 
2020-07-23 10:14:02 +0000  47249 bytes for ./_CodeSignature/CodeResources
2020-07-23 10:14:02 +0000  copying file ./AppIcon20x20@2x.png ... 
2020-07-23 10:14:02 +0000  2276 bytes for ./AppIcon20x20@2x.png
2020-07-23 10:14:02 +0000  copying file ./AppIcon20x20@3x.png ... 
2020-07-23 10:14:02 +0000  3395 bytes for ./AppIcon20x20@3x.png
copying file ./FiraSans-Bold.ttf ... 
2020-07-23 10:14:02 +0000  473492 bytes for ./FiraSans-Bold.ttf
copying file ./AppIcon60x60@2x.png ... 
2020-07-23 10:14:02 +0000  7772 bytes for ./AppIcon60x60@2x.png
copying file ./AppIcon29x29@2x.png ... 
2020-07-23 10:14:02 +0000  3338 bytes for ./AppIcon29x29@2x.png
copying file ./AppIcon40x40@3x.png ... 
2020-07-23 10:14:02 +0000  7772 bytes for ./AppIcon40x40@3x.png
copying file ./AppIcon40x40@2x.png ... 
2020-07-23 10:14:02 +0000  5408 bytes for ./AppIcon40x40@2x.png
2020-07-23 10:14:02 +0000  copying file ./AppIcon29x29@3x.png ... 
2020-07-23 10:14:02 +0000  5745 bytes for ./AppIcon29x29@3x.png
copying file ./GoogleService-Info.plist ... 
2020-07-23 10:14:02 +0000  867 bytes for ./GoogleService-Info.plist
copying file ./FiraSans-Light.ttf ... 
2020-07-23 10:14:02 +0000  433436 bytes for ./FiraSans-Light.ttf
2020-07-23 10:14:02 +0000  copying file ./AppIcon60x60@3x.png ... 
2020-07-23 10:14:02 +0000  11304 bytes for ./AppIcon60x60@3x.png
2020-07-23 10:14:02 +0000  copying file ./Base.lproj/LaunchScreen.nib ... 
2020-07-23 10:14:02 +0000  2424 bytes for ./Base.lproj/LaunchScreen.nib
2020-07-23 10:14:02 +0000  copying file ./Assets.car ... 
2020-07-23 10:14:02 +0000  119208 bytes for ./Assets.car
2020-07-23 10:14:02 +0000  copying file ./main.jsbundle ... 
2020-07-23 10:14:02 +0000  2584159 bytes for ./main.jsbundle
copying file ./getzonein ... 
2020-07-23 10:14:02 +0000  73292208 bytes for ./getzonein
2020-07-23 10:14:02 +0000  copying file ./embedded.mobileprovision ... 
2020-07-23 10:14:02 +0000  7341 bytes for ./embedded.mobileprovision
2020-07-23 10:14:02 +0000  copying file ./assets/node_modules/css-tree/dist/default-syntax.json ... 
2020-07-23 10:14:02 +0000  57784 bytes for ./assets/node_modules/css-tree/dist/default-syntax.json
2020-07-23 10:14:02 +0000  copying file ./assets/node_modules/react-native/package.json ... 
2020-07-23 10:14:02 +0000  9032 bytes for ./assets/node_modules/react-native/package.json
2020-07-23 10:14:02 +0000  copying file ./assets/node_modules/dom-serializer/foreignNames.json ... 
2020-07-23 10:14:02 +0000  3149 bytes for ./assets/node_modules/dom-serializer/foreignNames.json
2020-07-23 10:14:02 +0000  copying file ./assets/node_modules/@react-navigation/stack/src/views/assets/back-icon@3x.png ... 
2020-07-23 10:14:02 +0000  761 bytes for ./assets/node_modules/@react-navigation/stack/src/views/assets/back-icon@3x.png
2020-07-23 10:14:02 +0000  copying file ./assets/node_modules/@react-navigation/stack/src/views/assets/back-icon@2x.png ... 
2020-07-23 10:14:02 +0000  405 bytes for ./assets/node_modules/@react-navigation/stack/src/views/assets/back-icon@2x.png
copying file ./assets/node_modules/@react-navigation/stack/src/views/assets/back-icon.png ... 
2020-07-23 10:14:02 +0000  290 bytes for ./assets/node_modules/@react-navigation/stack/src/views/assets/back-icon.png
copying file ./assets/node_modules/@react-navigation/stack/src/views/assets/back-icon-mask.png ... 
2020-07-23 10:14:02 +0000  913 bytes for ./assets/node_modules/@react-navigation/stack/src/views/assets/back-icon-mask.png
2020-07-23 10:14:02 +0000  copying file ./assets/node_modules/css-select/lib/procedure.json ... 
2020-07-23 10:14:02 +0000  145 bytes for ./assets/node_modules/css-select/lib/procedure.json
2020-07-23 10:14:02 +0000  copying file ./assets/node_modules/react-native-datepicker/date_icon.png ... 
2020-07-23 10:14:02 +0000  1133 bytes for ./assets/node_modules/react-native-datepicker/date_icon.png
2020-07-23 10:14:02 +0000  copying file ./assets/node_modules/entities/lib/maps/xml.json ... 
2020-07-23 10:14:02 +0000  64 bytes for ./assets/node_modules/entities/lib/maps/xml.json
copying file ./assets/node_modules/entities/lib/maps/decode.json ... 
2020-07-23 10:14:02 +0000  356 bytes for ./assets/node_modules/entities/lib/maps/decode.json
copying file ./assets/node_modules/entities/lib/maps/entities.json ... 
2020-07-23 10:14:02 +0000  44868 bytes for ./assets/node_modules/entities/lib/maps/entities.json
copying file ./assets/node_modules/entities/lib/maps/legacy.json ... 
2020-07-23 10:14:02 +0000  1961 bytes for ./assets/node_modules/entities/lib/maps/legacy.json
2020-07-23 10:14:02 +0000  copying file ./assets/src/assets/Images/zoneinlogo.png ... 
2020-07-23 10:14:02 +0000  4398 bytes for ./assets/src/assets/Images/zoneinlogo.png
2020-07-23 10:14:02 +0000  copying file ./assets/src/assets/Images/selectheart.png ... 
2020-07-23 10:14:02 +0000  1989 bytes for ./assets/src/assets/Images/selectheart.png
2020-07-23 10:14:02 +0000  copying file ./assets/src/assets/Images/profile@3x.png ... 
2020-07-23 10:14:02 +0000  1917 bytes for ./assets/src/assets/Images/profile@3x.png
2020-07-23 10:14:03 +0000  copying file ./assets/src/assets/Images/info.png ... 
2020-07-23 10:14:03 +0000  1747 bytes for ./assets/src/assets/Images/info.png
2020-07-23 10:14:03 +0000  copying file ./assets/src/assets/Images/collapse-arrow.png ... 
2020-07-23 10:14:03 +0000  407 bytes for ./assets/src/assets/Images/collapse-arrow.png
copying file ./assets/src/assets/Images/nutrition@3x.png ... 
2020-07-23 10:14:03 +0000  2095 bytes for ./assets/src/assets/Images/nutrition@3x.png
copying file ./assets/src/assets/Images/caloriesgoal.png ... 
2020-07-23 10:14:03 +0000  100720 bytes for ./assets/src/assets/Images/caloriesgoal.png
2020-07-23 10:14:03 +0000  copying file ./assets/src/assets/Images/newmeal.png ... 
2020-07-23 10:14:03 +0000  1719 bytes for ./assets/src/assets/Images/newmeal.png
copying file ./assets/src/assets/Images/mewenagysnack.png ... 
2020-07-23 10:14:03 +0000  3426 bytes for ./assets/src/assets/Images/mewenagysnack.png
2020-07-23 10:14:03 +0000  copying file ./assets/src/assets/Images/back@2x.png ... 
2020-07-23 10:14:03 +0000  497 bytes for ./assets/src/assets/Images/back@2x.png
copying file ./assets/src/assets/Images/add@2x.png ... 
2020-07-23 10:14:03 +0000  340 bytes for ./assets/src/assets/Images/add@2x.png
copying file ./assets/src/assets/Images/home@2x.png ... 
2020-07-23 10:14:03 +0000  1662 bytes for ./assets/src/assets/Images/home@2x.png
2020-07-23 10:14:03 +0000  copying file ./assets/src/assets/Images/unselectheart.png ... 
2020-07-23 10:14:03 +0000  3249 bytes for ./assets/src/assets/Images/unselectheart.png
2020-07-23 10:14:03 +0000  copying file ./assets/src/assets/Images/settings_nutrition.png ... 
2020-07-23 10:14:03 +0000  2059 bytes for ./assets/src/assets/Images/settings_nutrition.png
2020-07-23 10:14:03 +0000  copying file ./assets/src/assets/Images/questionicon.png ... 
2020-07-23 10:14:03 +0000  2577 bytes for ./assets/src/assets/Images/questionicon.png
2020-07-23 10:14:03 +0000  copying file ./assets/src/assets/Images/run-blue.png ... 
2020-07-23 10:14:03 +0000  854 bytes for ./assets/src/assets/Images/run-blue.png
copying file ./assets/src/assets/Images/signal_02.png ... 
2020-07-23 10:14:03 +0000  184 bytes for ./assets/src/assets/Images/signal_02.png
copying file ./assets/src/assets/Images/mealicon.png ... 
2020-07-23 10:14:03 +0000  2191 bytes for ./assets/src/assets/Images/mealicon.png
copying file ./assets/src/assets/Images/premeal.png ... 
2020-07-23 10:14:03 +0000  215210 bytes for ./assets/src/assets/Images/premeal.png
2020-07-23 10:14:03 +0000  copying file ./assets/src/assets/Images/home@3x.png ... 
2020-07-23 10:14:03 +0000  2544 bytes for ./assets/src/assets/Images/home@3x.png
2020-07-23 10:14:03 +0000  copying file ./assets/src/assets/Images/back@3x.png ... 
2020-07-23 10:14:03 +0000  671 bytes for ./assets/src/assets/Images/back@3x.png
2020-07-23 10:14:03 +0000  copying file ./assets/src/assets/Images/add@3x.png ... 
2020-07-23 10:14:03 +0000  548 bytes for ./assets/src/assets/Images/add@3x.png
2020-07-23 10:14:03 +0000  copying file ./assets/src/assets/Images/signal_03.png ... 
2020-07-23 10:14:03 +0000  204 bytes for ./assets/src/assets/Images/signal_03.png
2020-07-23 10:14:03 +0000  copying file ./assets/src/assets/Images/searchfood.gif ... 
2020-07-23 10:14:03 +0000  1151432 bytes for ./assets/src/assets/Images/searchfood.gif
2020-07-23 10:14:03 +0000  copying file ./assets/src/assets/Images/goalwater.png ... 
2020-07-23 10:14:03 +0000  211297 bytes for ./assets/src/assets/Images/goalwater.png
copying file ./assets/src/assets/Images/nutrition@2x.png ... 
2020-07-23 10:14:03 +0000  1507 bytes for ./assets/src/assets/Images/nutrition@2x.png
2020-07-23 10:14:03 +0000  copying file ./assets/src/assets/Images/calender.png ... 
2020-07-23 10:14:03 +0000  298 bytes for ./assets/src/assets/Images/calender.png
2020-07-23 10:14:03 +0000  copying file ./assets/src/assets/Images/zilogo.png ... 
2020-07-23 10:14:03 +0000  121032 bytes for ./assets/src/assets/Images/zilogo.png
copying file ./assets/src/assets/Images/profile@2x.png ... 
2020-07-23 10:14:03 +0000  1209 bytes for ./assets/src/assets/Images/profile@2x.png
2020-07-23 10:14:03 +0000  copying file ./assets/src/assets/Images/signal_03@3x.png ... 
2020-07-23 10:14:03 +0000  581 bytes for ./assets/src/assets/Images/signal_03@3x.png
copying file ./assets/src/assets/Images/options@3x.png ... 
2020-07-23 10:14:03 +0000  559 bytes for ./assets/src/assets/Images/options@3x.png
copying file ./assets/src/assets/Images/ratestaricon.png ... 
2020-07-23 10:14:03 +0000  2319 bytes for ./assets/src/assets/Images/ratestaricon.png
2020-07-23 10:14:03 +0000  copying file ./assets/src/assets/Images/cancel@3x.png ... 
2020-07-23 10:14:03 +0000  928 bytes for ./assets/src/assets/Images/cancel@3x.png
copying file ./assets/src/assets/Images/energysnaks.png ... 
2020-07-23 10:14:03 +0000  55867 bytes for ./assets/src/assets/Images/energysnaks.png
copying file ./assets/src/assets/Images/reportcard.png ... 
2020-07-23 10:14:03 +0000  653 bytes for ./assets/src/assets/Images/reportcard.png
2020-07-23 10:14:03 +0000  copying file ./assets/src/assets/Images/forward@2x.png ... 
2020-07-23 10:14:03 +0000  518 bytes for ./assets/src/assets/Images/forward@2x.png
2020-07-23 10:14:03 +0000  copying file ./assets/src/assets/Images/cancel.png ... 
2020-07-23 10:14:03 +0000  421 bytes for ./assets/src/assets/Images/cancel.png
2020-07-23 10:14:03 +0000  copying file ./assets/src/assets/Images/weight@2x.png ... 
2020-07-23 10:14:03 +0000  679 bytes for ./assets/src/assets/Images/weight@2x.png
2020-07-23 10:14:03 +0000  copying file ./assets/src/assets/Images/accounticon.png ... 
2020-07-23 10:14:03 +0000  1399 bytes for ./assets/src/assets/Images/accounticon.png
copying file ./assets/src/assets/Images/home.png ... 
2020-07-23 10:14:03 +0000  785 bytes for ./assets/src/assets/Images/home.png
2020-07-23 10:14:03 +0000  copying file ./assets/src/assets/Images/closeModal.png ... 
2020-07-23 10:14:03 +0000  647 bytes for ./assets/src/assets/Images/closeModal.png
2020-07-23 10:14:03 +0000  copying file ./assets/src/assets/Images/expand-arrow.png ... 
2020-07-23 10:14:03 +0000  440 bytes for ./assets/src/assets/Images/expand-arrow.png
copying file ./assets/src/assets/Images/restaurant.png ... 
2020-07-23 10:14:03 +0000  765 bytes for ./assets/src/assets/Images/restaurant.png
copying file ./assets/src/assets/Images/weight@3x.png ... 
2020-07-23 10:14:03 +0000  874 bytes for ./assets/src/assets/Images/weight@3x.png
2020-07-23 10:14:03 +0000  copying file ./assets/src/assets/Images/reset.png ... 
2020-07-23 10:14:03 +0000  867 bytes for ./assets/src/assets/Images/reset.png
copying file ./assets/src/assets/Images/forward@3x.png ... 
2020-07-23 10:14:03 +0000  674 bytes for ./assets/src/assets/Images/forward@3x.png
copying file ./assets/src/assets/Images/carbsgoal.png ... 
2020-07-23 10:14:03 +0000  259624 bytes for ./assets/src/assets/Images/carbsgoal.png
2020-07-23 10:14:03 +0000  copying file ./assets/src/assets/Images/goalbaadge.png ... 
2020-07-23 10:14:03 +0000  144748 bytes for ./assets/src/assets/Images/goalbaadge.png
copying file ./assets/src/assets/Images/foodanim.gif ... 
2020-07-23 10:14:03 +0000  2497144 bytes for ./assets/src/assets/Images/foodanim.gif
2020-07-23 10:14:03 +0000  copying file ./assets/src/assets/Images/options@2x.png ... 
2020-07-23 10:14:03 +0000  391 bytes for ./assets/src/assets/Images/options@2x.png
2020-07-23 10:14:03 +0000  copying file ./assets/src/assets/Images/cancel@2x.png ... 
2020-07-23 10:14:03 +0000  749 bytes for ./assets/src/assets/Images/cancel@2x.png
2020-07-23 10:14:03 +0000  copying file ./assets/src/assets/Images/plus_grey.png ... 
2020-07-23 10:14:03 +0000  1478 bytes for ./assets/src/assets/Images/plus_grey.png
2020-07-23 10:14:03 +0000  copying file ./assets/src/assets/Images/recoverysnak.png ... 
2020-07-23 10:14:03 +0000  74552 bytes for ./assets/src/assets/Images/recoverysnak.png
2020-07-23 10:14:03 +0000  copying file ./assets/src/assets/Images/bulb.png ... 
2020-07-23 10:14:03 +0000  1471 bytes for ./assets/src/assets/Images/bulb.png
2020-07-23 10:14:03 +0000  copying file ./assets/src/assets/Images/signal_03@2x.png ... 
2020-07-23 10:14:03 +0000  371 bytes for ./assets/src/assets/Images/signal_03@2x.png
2020-07-23 10:14:03 +0000  copying file ./assets/src/assets/Images/checkmark.png ... 
2020-07-23 10:14:03 +0000  575 bytes for ./assets/src/assets/Images/checkmark.png
2020-07-23 10:14:03 +0000  copying file ./assets/src/assets/Images/bulbfull.png ... 
2020-07-23 10:14:03 +0000  901 bytes for ./assets/src/assets/Images/bulbfull.png
2020-07-23 10:14:03 +0000  copying file ./assets/src/assets/Images/athletics.png ... 
2020-07-23 10:14:03 +0000  19471 bytes for ./assets/src/assets/Images/athletics.png
2020-07-23 10:14:03 +0000  copying file ./assets/src/assets/Images/weight.png ... 
2020-07-23 10:14:03 +0000  477 bytes for ./assets/src/assets/Images/weight.png
2020-07-23 10:14:03 +0000  copying file ./assets/src/assets/Images/run.png ... 
2020-07-23 10:14:03 +0000  896 bytes for ./assets/src/assets/Images/run.png
2020-07-23 10:14:03 +0000  copying file ./assets/src/assets/Images/intro1.jpg ... 
2020-07-23 10:14:03 +0000  234255 bytes for ./assets/src/assets/Images/intro1.jpg
2020-07-23 10:14:03 +0000  copying file ./assets/src/assets/Images/editdata.png ... 
2020-07-23 10:14:03 +0000  921 bytes for ./assets/src/assets/Images/editdata.png
2020-07-23 10:14:03 +0000  copying file ./assets/src/assets/Images/left.png ... 
2020-07-23 10:14:03 +0000  319 bytes for ./assets/src/assets/Images/left.png
2020-07-23 10:14:03 +0000  copying file ./assets/src/assets/Images/nutitionview.png ... 
2020-07-23 10:14:03 +0000  1624935 bytes for ./assets/src/assets/Images/nutitionview.png
2020-07-23 10:14:03 +0000  copying file ./assets/src/assets/Images/splash.png ... 
2020-07-23 10:14:03 +0000  100633 bytes for ./assets/src/assets/Images/splash.png
2020-07-23 10:14:03 +0000  copying file ./assets/src/assets/Images/newbreakfast.png ... 
2020-07-23 10:14:03 +0000  3478 bytes for ./assets/src/assets/Images/newbreakfast.png
2020-07-23 10:14:03 +0000  copying file ./assets/src/assets/Images/usericon.png ... 
2020-07-23 10:14:03 +0000  2408 bytes for ./assets/src/assets/Images/usericon.png
2020-07-23 10:14:03 +0000  copying file ./assets/src/assets/Images/intro2.jpg ... 
2020-07-23 10:14:03 +0000  251183 bytes for ./assets/src/assets/Images/intro2.jpg
2020-07-23 10:14:03 +0000  copying file ./assets/src/assets/Images/forward.png ... 
2020-07-23 10:14:03 +0000  322 bytes for ./assets/src/assets/Images/forward.png
2020-07-23 10:14:03 +0000  copying file ./assets/src/assets/Images/nutrition_inactive.png ... 
2020-07-23 10:14:03 +0000  736 bytes for ./assets/src/assets/Images/nutrition_inactive.png
2020-07-23 10:14:03 +0000  copying file ./assets/src/assets/Images/filter.png ... 
2020-07-23 10:14:03 +0000  198 bytes for ./assets/src/assets/Images/filter.png
2020-07-23 10:14:03 +0000  copying file ./assets/src/assets/Images/newlunch.png ... 
2020-07-23 10:14:03 +0000  2094 bytes for ./assets/src/assets/Images/newlunch.png
2020-07-23 10:14:03 +0000  copying file ./assets/src/assets/Images/icon_quicklog1.png ... 
2020-07-23 10:14:03 +0000  5742 bytes for ./assets/src/assets/Images/icon_quicklog1.png
copying file ./assets/src/assets/Images/trophycup.png ... 
2020-07-23 10:14:03 +0000  3448 bytes for ./assets/src/assets/Images/trophycup.png
copying file ./assets/src/assets/Images/icon_quicklog3.png ... 
2020-07-23 10:14:03 +0000  8796 bytes for ./assets/src/assets/Images/icon_quicklog3.png
2020-07-23 10:14:03 +0000  copying file ./assets/src/assets/Images/profile.png ... 
2020-07-23 10:14:03 +0000  676 bytes for ./assets/src/assets/Images/profile.png
2020-07-23 10:14:03 +0000  copying file ./assets/src/assets/Images/intro4.jpg ... 
2020-07-23 10:14:03 +0000  152221 bytes for ./assets/src/assets/Images/intro4.jpg
2020-07-23 10:14:03 +0000  copying file ./assets/src/assets/Images/options.png ... 
2020-07-23 10:14:03 +0000  178 bytes for ./assets/src/assets/Images/options.png
2020-07-23 10:14:03 +0000  copying file ./assets/src/assets/Images/clock.png ... 
2020-07-23 10:14:03 +0000  644 bytes for ./assets/src/assets/Images/clock.png
2020-07-23 10:14:03 +0000  copying file ./assets/src/assets/Images/icon_quicklog2.png ... 
2020-07-23 10:14:03 +0000  8559 bytes for ./assets/src/assets/Images/icon_quicklog2.png
copying file ./assets/src/assets/Images/exercise.png ... 
2020-07-23 10:14:03 +0000  22689 bytes for ./assets/src/assets/Images/exercise.png
copying file ./assets/src/assets/Images/basketball.png ... 
2020-07-23 10:14:03 +0000  53694 bytes for ./assets/src/assets/Images/basketball.png
2020-07-23 10:14:03 +0000  copying file ./assets/src/assets/Images/aboutusicon.png ... 
2020-07-23 10:14:03 +0000  2464 bytes for ./assets/src/assets/Images/aboutusicon.png
2020-07-23 10:14:03 +0000  copying file ./assets/src/assets/Images/unhealthyicon.png ... 
2020-07-23 10:14:03 +0000  2951 bytes for ./assets/src/assets/Images/unhealthyicon.png
copying file ./assets/src/assets/Images/run@2x.png ... 
2020-07-23 10:14:03 +0000  1830 bytes for ./assets/src/assets/Images/run@2x.png
2020-07-23 10:14:03 +0000  copying file ./assets/src/assets/Images/faq.png ... 
2020-07-23 10:14:03 +0000  1585 bytes for ./assets/src/assets/Images/faq.png
2020-07-23 10:14:03 +0000  copying file ./assets/src/assets/Images/calender@2x.png ... 
2020-07-23 10:14:03 +0000  484 bytes for ./assets/src/assets/Images/calender@2x.png
copying file ./assets/src/assets/Images/sendicon.png ... 
2020-07-23 10:14:03 +0000  1434 bytes for ./assets/src/assets/Images/sendicon.png
2020-07-23 10:14:03 +0000  copying file ./assets/src/assets/Images/minus_grey.png ... 
2020-07-23 10:14:03 +0000  1450 bytes for ./assets/src/assets/Images/minus_grey.png
copying file ./assets/src/assets/Images/nutrition_inactive@2x.png ... 
2020-07-23 10:14:03 +0000  1475 bytes for ./assets/src/assets/Images/nutrition_inactive@2x.png
2020-07-23 10:14:03 +0000  copying file ./assets/src/assets/Images/trash.png ... 
2020-07-23 10:14:03 +0000  620 bytes for ./assets/src/assets/Images/trash.png
copying file ./assets/src/assets/Images/signal_02@3x.png ... 
2020-07-23 10:14:03 +0000  538 bytes for ./assets/src/assets/Images/signal_02@3x.png
copying file ./assets/src/assets/Images/run-blue@2x.png ... 
2020-07-23 10:14:03 +0000  1768 bytes for ./assets/src/assets/Images/run-blue@2x.png
copying file ./assets/src/assets/Images/hydration.png ... 
2020-07-23 10:14:03 +0000  1753 bytes for ./assets/src/assets/Images/hydration.png
copying file ./assets/src/assets/Images/run-blue@3x.png ... 
2020-07-23 10:14:03 +0000  2722 bytes for ./assets/src/assets/Images/run-blue@3x.png
2020-07-23 10:14:03 +0000  copying file ./assets/src/assets/Images/drinks.png ... 
2020-07-23 10:14:03 +0000  285285 bytes for ./assets/src/assets/Images/drinks.png
copying file ./assets/src/assets/Images/signal_02@2x.png ... 
2020-07-23 10:14:03 +0000  335 bytes for ./assets/src/assets/Images/signal_02@2x.png
2020-07-23 10:14:03 +0000  copying file ./assets/src/assets/Images/newsnack.png ... 
2020-07-23 10:14:03 +0000  2081 bytes for ./assets/src/assets/Images/newsnack.png
2020-07-23 10:14:03 +0000  copying file ./assets/src/assets/Images/nutrition_inactive@3x.png ... 
2020-07-23 10:14:03 +0000  2086 bytes for ./assets/src/assets/Images/nutrition_inactive@3x.png
copying file ./assets/src/assets/Images/back.png ... 
2020-07-23 10:14:03 +0000  340 bytes for ./assets/src/assets/Images/back.png
2020-07-23 10:14:03 +0000  copying file ./assets/src/assets/Images/right.png ... 
2020-07-23 10:14:03 +0000  272 bytes for ./assets/src/assets/Images/right.png
2020-07-23 10:14:03 +0000  copying file ./assets/src/assets/Images/proteingoal.png ... 
2020-07-23 10:14:03 +0000  306288 bytes for ./assets/src/assets/Images/proteingoal.png
2020-07-23 10:14:03 +0000  copying file ./assets/src/assets/Images/calender@3x.png ... 
2020-07-23 10:14:03 +0000  832 bytes for ./assets/src/assets/Images/calender@3x.png
2020-07-23 10:14:03 +0000  copying file ./assets/src/assets/Images/run@3x.png ... 
2020-07-23 10:14:03 +0000  2812 bytes for ./assets/src/assets/Images/run@3x.png
2020-07-23 10:14:03 +0000  copying file ./assets/src/assets/Images/search_black@2x.png ... 
2020-07-23 10:14:03 +0000  1298 bytes for ./assets/src/assets/Images/search_black@2x.png
copying file ./assets/src/assets/Images/newprelunch.png ... 
2020-07-23 10:14:03 +0000  4644 bytes for ./assets/src/assets/Images/newprelunch.png
2020-07-23 10:14:03 +0000  copying file ./FiraSans-Regular.ttf ... 
2020-07-23 10:14:03 +0000  440560 bytes for ./FiraSans-Regular.ttf
copying file ./Info.plist ... 
2020-07-23 10:14:03 +0000  1619 bytes for ./Info.plist
2020-07-23 10:14:03 +0000  copying file ./FiraSans-Italic.ttf ... 
2020-07-23 10:14:03 +0000  456032 bytes for ./FiraSans-Italic.ttf
2020-07-23 10:14:03 +0000  copying file ./PkgInfo ... 
2020-07-23 10:14:03 +0000  8 bytes for ./PkgInfo
2020-07-23 10:14:03 +0000  /usr/bin/ditto exited with 0
2020-07-23 10:14:03 +0000  Processing step: IDEDistributionEmbedProfileStep
2020-07-23 10:14:03 +0000  Processing step: IDEDistributionInfoPlistStep
2020-07-23 10:14:03 +0000  Skipping step: IDEDistributionInfoPlistStep because it said so
2020-07-23 10:14:03 +0000  Processing step: IDEDistributionItemRemovalStep
2020-07-23 10:14:03 +0000  Processing step: IDEDistributionAppThinningPlistStep
2020-07-23 10:14:03 +0000  Skipping step: IDEDistributionAppThinningPlistStep because it said so
2020-07-23 10:14:03 +0000  Processing step: IDEDistributionCompileBitcodeStep
2020-07-23 10:14:03 +0000  Skipping step: IDEDistributionCompileBitcodeStep because it said so
2020-07-23 10:14:03 +0000  Processing step: IDEDistributionCodeSlimmingStep
2020-07-23 10:14:03 +0000  Processing step: IDEDistributionCopyBCSymbolMapsStep
2020-07-23 10:14:03 +0000  Skipping step: IDEDistributionCopyBCSymbolMapsStep because it said so
2020-07-23 10:14:03 +0000  Processing step: IDEDistributionSymbolsStep
2020-07-23 10:14:03 +0000  Skipping step: IDEDistributionSymbolsStep because it said so
2020-07-23 10:14:03 +0000  Processing step: IDEDistributionCopyAppleProvidedContentStep
2020-07-23 10:14:03 +0000  Processing step: IDEDistributionAppThinningStep
2020-07-23 10:14:03 +0000  Skipping step: IDEDistributionAppThinningStep because it said so
2020-07-23 10:14:03 +0000  Processing step: IDEDistributionArchThinningStep
2020-07-23 10:14:03 +0000  Running /Applications/Xcode.app/Contents/Developer/Toolchains/XcodeDefault.xctoolchain/usr/bin/lipo '/var/folders/4y/lvl67x8910v_llv4990glcgr0000gn/T/XcodeDistPipeline.~~~tooYMj/Root/Payload/getzonein.app/getzonein' '-verify_arch' 'arm64e'
2020-07-23 10:14:03 +0000  /Applications/Xcode.app/Contents/Developer/Toolchains/XcodeDefault.xctoolchain/usr/bin/lipo exited with 1
2020-07-23 10:14:03 +0000  Skipping architecture thinning for item "getzonein" because arch "arm64e" wasn't found
2020-07-23 10:14:03 +0000  Processing step: IDEDistributionODRStep
2020-07-23 10:14:03 +0000  Processing step: IDEDistributionStripXattrsStep
2020-07-23 10:14:03 +0000  Running /usr/bin/xattr '-crs' '/var/folders/4y/lvl67x8910v_llv4990glcgr0000gn/T/XcodeDistPipeline.~~~tooYMj/Root/Payload/getzonein.app'
2020-07-23 10:14:03 +0000  /usr/bin/xattr exited with 0
2020-07-23 10:14:03 +0000  Processing step: IDEDistributionCodesignStep
2020-07-23 10:14:03 +0000  Entitlements for <IDEDistributionItem: 0x7fb55ad6bc00; bundleID='com.getzonein.zonein', path='<DVTFilePath:0x7fb5583b1f40:'/Users/thuyiya/Library/Developer/Xcode/Archives/2020-07-23/getzonein 7-23-20, 15.30.xcarchive/Products/Applications/getzonein.app'>', codeSigningInfo='<_DVTCodeSigningInformation_Path: 0x7fb55ad7fe90; isSigned='1', isAdHocSigned='0', signingCertificate='<DVTSigningCertificate: 0x7fb53b5e4ec0; name='iPhone Distribution: ZoneU, LLC (9MSP46PSW9)', hash='0D5B59777B5C6C62A7889D5DFB7B946CE14F8B8A', serialNumber='46610BE564742BA1', certificateKinds='(
    "1.2.840.113635.100.6.1.4"
), issueDate='2019-10-27 13:59:43 +0000''>', entitlements='{
    "application-identifier" = "9MSP46PSW9.com.getzonein.zonein";
    "aps-environment" = production;
    "beta-reports-active" = 1;
    "com.apple.developer.team-identifier" = 9MSP46PSW9;
    "get-task-allow" = 0;
}', teamID='9MSP46PSW9', identifier='com.getzonein.zonein', executablePath='<DVTFilePath:0x7fb55ad4dfd0:'/Users/thuyiya/Library/Developer/Xcode/Archives/2020-07-23/getzonein 7-23-20, 15.30.xcarchive/Products/Applications/getzonein.app/getzonein'>', hardenedRuntime='0'>'>: {
    "application-identifier" = "9MSP46PSW9.com.getzonein.zonein";
    "aps-environment" = production;
    "beta-reports-active" = 1;
    "com.apple.developer.team-identifier" = 9MSP46PSW9;
    "get-task-allow" = 0;
}
2020-07-23 10:14:03 +0000  Writing entitlements for <IDEDistributionItem: 0x7fb55ad6bc00; bundleID='com.getzonein.zonein', path='<DVTFilePath:0x7fb5583b1f40:'/Users/thuyiya/Library/Developer/Xcode/Archives/2020-07-23/getzonein 7-23-20, 15.30.xcarchive/Products/Applications/getzonein.app'>', codeSigningInfo='<_DVTCodeSigningInformation_Path: 0x7fb55ad7fe90; isSigned='1', isAdHocSigned='0', signingCertificate='<DVTSigningCertificate: 0x7fb53b5c2670; name='iPhone Distribution: ZoneU, LLC (9MSP46PSW9)', hash='0D5B59777B5C6C62A7889D5DFB7B946CE14F8B8A', serialNumber='46610BE564742BA1', certificateKinds='(
    "1.2.840.113635.100.6.1.4"
), issueDate='2019-10-27 13:59:43 +0000''>', entitlements='{
    "application-identifier" = "9MSP46PSW9.com.getzonein.zonein";
    "aps-environment" = production;
    "beta-reports-active" = 1;
    "com.apple.developer.team-identifier" = 9MSP46PSW9;
    "get-task-allow" = 0;
}', teamID='9MSP46PSW9', identifier='com.getzonein.zonein', executablePath='<DVTFilePath:0x7fb55ad4dfd0:'/Users/thuyiya/Library/Developer/Xcode/Archives/2020-07-23/getzonein 7-23-20, 15.30.xcarchive/Products/Applications/getzonein.app/getzonein'>', hardenedRuntime='0'>'> to: /var/folders/4y/lvl67x8910v_llv4990glcgr0000gn/T/XcodeDistPipeline.~~~tooYMj/entitlements~~~P12q4B
2020-07-23 10:14:03 +0000  Running /usr/bin/codesign '-vvv' '--force' '--sign' '0D5B59777B5C6C62A7889D5DFB7B946CE14F8B8A' '--entitlements' '/var/folders/4y/lvl67x8910v_llv4990glcgr0000gn/T/XcodeDistPipeline.~~~tooYMj/entitlements~~~P12q4B' '--preserve-metadata=identifier,flags,runtime' '/var/folders/4y/lvl67x8910v_llv4990glcgr0000gn/T/XcodeDistPipeline.~~~tooYMj/Root/Payload/getzonein.app'
2020-07-23 10:14:04 +0000  /var/folders/4y/lvl67x8910v_llv4990glcgr0000gn/T/XcodeDistPipeline.~~~tooYMj/Root/Payload/getzonein.app: signed app bundle with Mach-O universal (armv7 arm64) [com.getzonein.zonein]
2020-07-23 10:14:04 +0000  /usr/bin/codesign exited with 0
2020-07-23 10:14:04 +0000  Processing step: IDEDistributionZipODRItemStep
2020-07-23 10:14:04 +0000  Skipping step: IDEDistributionZipODRItemStep because it said so
2020-07-23 10:14:04 +0000  Processing step: IDEDistributionCreateIPAStep
2020-07-23 10:14:04 +0000  Running /usr/bin/ditto '-V' '-c' '-k' '--norsrc' '/var/folders/4y/lvl67x8910v_llv4990glcgr0000gn/T/XcodeDistPipeline.~~~tooYMj/Root' '/var/folders/4y/lvl67x8910v_llv4990glcgr0000gn/T/XcodeDistPipeline.~~~tooYMj/Packages/getzonein.ipa'
2020-07-23 10:14:04 +0000  >>> Copying /var/folders/4y/lvl67x8910v_llv4990glcgr0000gn/T/XcodeDistPipeline.~~~tooYMj/Root 
2020-07-23 10:14:04 +0000  copying file ./Payload/getzonein.app/_CodeSignature/CodeResources ... 
2020-07-23 10:14:04 +0000  47249 bytes for ./Payload/getzonein.app/_CodeSignature/CodeResources
copying file ./Payload/getzonein.app/AppIcon20x20@2x.png ... 
2276 bytes for ./Payload/getzonein.app/AppIcon20x20@2x.png
2020-07-23 10:14:04 +0000  copying file ./Payload/getzonein.app/AppIcon20x20@3x.png ... 
3395 bytes for ./Payload/getzonein.app/AppIcon20x20@3x.png
copying file ./Payload/getzonein.app/FiraSans-Bold.ttf ... 
2020-07-23 10:14:04 +0000  473492 bytes for ./Payload/getzonein.app/FiraSans-Bold.ttf
2020-07-23 10:14:04 +0000  copying file ./Payload/getzonein.app/AppIcon60x60@2x.png ... 
7772 bytes for ./Payload/getzonein.app/AppIcon60x60@2x.png
copying file ./Payload/getzonein.app/AppIcon29x29@2x.png ... 
3338 bytes for ./Payload/getzonein.app/AppIcon29x29@2x.png
copying file ./Payload/getzonein.app/AppIcon40x40@3x.png ... 
2020-07-23 10:14:04 +0000  7772 bytes for ./Payload/getzonein.app/AppIcon40x40@3x.png
copying file ./Payload/getzonein.app/AppIcon40x40@2x.png ... 
2020-07-23 10:14:04 +0000  5408 bytes for ./Payload/getzonein.app/AppIcon40x40@2x.png
copying file ./Payload/getzonein.app/AppIcon29x29@3x.png ... 
2020-07-23 10:14:04 +0000  5745 bytes for ./Payload/getzonein.app/AppIcon29x29@3x.png
copying file ./Payload/getzonein.app/GoogleService-Info.plist ... 
867 bytes for ./Payload/getzonein.app/GoogleService-Info.plist
copying file ./Payload/getzonein.app/FiraSans-Light.ttf ... 
2020-07-23 10:14:04 +0000  433436 bytes for ./Payload/getzonein.app/FiraSans-Light.ttf
copying file ./Payload/getzonein.app/AppIcon60x60@3x.png ... 
2020-07-23 10:14:04 +0000  11304 bytes for ./Payload/getzonein.app/AppIcon60x60@3x.png
2020-07-23 10:14:04 +0000  copying file ./Payload/getzonein.app/Base.lproj/LaunchScreen.nib ... 
2424 bytes for ./Payload/getzonein.app/Base.lproj/LaunchScreen.nib
copying file ./Payload/getzonein.app/Assets.car ... 
2020-07-23 10:14:04 +0000  119208 bytes for ./Payload/getzonein.app/Assets.car
copying file ./Payload/getzonein.app/main.jsbundle ... 
2020-07-23 10:14:04 +0000  2584159 bytes for ./Payload/getzonein.app/main.jsbundle
2020-07-23 10:14:04 +0000  copying file ./Payload/getzonein.app/getzonein ... 
2020-07-23 10:14:04 +0000  9520576 bytes for ./Payload/getzonein.app/getzonein
copying file ./Payload/getzonein.app/embedded.mobileprovision ... 
2020-07-23 10:14:04 +0000  7341 bytes for ./Payload/getzonein.app/embedded.mobileprovision
copying file ./Payload/getzonein.app/assets/node_modules/css-tree/dist/default-syntax.json ... 
2020-07-23 10:14:04 +0000  57784 bytes for ./Payload/getzonein.app/assets/node_modules/css-tree/dist/default-syntax.json
2020-07-23 10:14:04 +0000  copying file ./Payload/getzonein.app/assets/node_modules/react-native/package.json ... 
2020-07-23 10:14:04 +0000  9032 bytes for ./Payload/getzonein.app/assets/node_modules/react-native/package.json
copying file ./Payload/getzonein.app/assets/node_modules/dom-serializer/foreignNames.json ... 
2020-07-23 10:14:04 +0000  3149 bytes for ./Payload/getzonein.app/assets/node_modules/dom-serializer/foreignNames.json
2020-07-23 10:14:04 +0000  copying file ./Payload/getzonein.app/assets/node_modules/@react-navigation/stack/src/views/assets/back-icon@3x.png ... 
2020-07-23 10:14:04 +0000  761 bytes for ./Payload/getzonein.app/assets/node_modules/@react-navigation/stack/src/views/assets/back-icon@3x.png
copying file ./Payload/getzonein.app/assets/node_modules/@react-navigation/stack/src/views/assets/back-icon@2x.png ... 
2020-07-23 10:14:04 +0000  405 bytes for ./Payload/getzonein.app/assets/node_modules/@react-navigation/stack/src/views/assets/back-icon@2x.png
copying file ./Payload/getzonein.app/assets/node_modules/@react-navigation/stack/src/views/assets/back-icon.png ... 
290 bytes for ./Payload/getzonein.app/assets/node_modules/@react-navigation/stack/src/views/assets/back-icon.png
copying file ./Payload/getzonein.app/assets/node_modules/@react-navigation/stack/src/views/assets/back-icon-mask.png ... 
2020-07-23 10:14:04 +0000  913 bytes for ./Payload/getzonein.app/assets/node_modules/@react-navigation/stack/src/views/assets/back-icon-mask.png
2020-07-23 10:14:04 +0000  copying file ./Payload/getzonein.app/assets/node_modules/css-select/lib/procedure.json ... 
145 bytes for ./Payload/getzonein.app/assets/node_modules/css-select/lib/procedure.json
copying file ./Payload/getzonein.app/assets/node_modules/react-native-datepicker/date_icon.png ... 
2020-07-23 10:14:04 +0000  1133 bytes for ./Payload/getzonein.app/assets/node_modules/react-native-datepicker/date_icon.png
2020-07-23 10:14:04 +0000  copying file ./Payload/getzonein.app/assets/node_modules/entities/lib/maps/xml.json ... 
64 bytes for ./Payload/getzonein.app/assets/node_modules/entities/lib/maps/xml.json
copying file ./Payload/getzonein.app/assets/node_modules/entities/lib/maps/decode.json ... 
356 bytes for ./Payload/getzonein.app/assets/node_modules/entities/lib/maps/decode.json
copying file ./Payload/getzonein.app/assets/node_modules/entities/lib/maps/entities.json ... 
2020-07-23 10:14:04 +0000  44868 bytes for ./Payload/getzonein.app/assets/node_modules/entities/lib/maps/entities.json
copying file ./Payload/getzonein.app/assets/node_modules/entities/lib/maps/legacy.json ... 
2020-07-23 10:14:04 +0000  1961 bytes for ./Payload/getzonein.app/assets/node_modules/entities/lib/maps/legacy.json
2020-07-23 10:14:04 +0000  copying file ./Payload/getzonein.app/assets/src/assets/Images/zoneinlogo.png ... 
2020-07-23 10:14:04 +0000  4398 bytes for ./Payload/getzonein.app/assets/src/assets/Images/zoneinlogo.png
copying file ./Payload/getzonein.app/assets/src/assets/Images/selectheart.png ... 
2020-07-23 10:14:04 +0000  1989 bytes for ./Payload/getzonein.app/assets/src/assets/Images/selectheart.png
copying file ./Payload/getzonein.app/assets/src/assets/Images/profile@3x.png ... 
2020-07-23 10:14:04 +0000  1917 bytes for ./Payload/getzonein.app/assets/src/assets/Images/profile@3x.png
copying file ./Payload/getzonein.app/assets/src/assets/Images/info.png ... 
2020-07-23 10:14:04 +0000  1747 bytes for ./Payload/getzonein.app/assets/src/assets/Images/info.png
copying file ./Payload/getzonein.app/assets/src/assets/Images/collapse-arrow.png ... 
407 bytes for ./Payload/getzonein.app/assets/src/assets/Images/collapse-arrow.png
2020-07-23 10:14:04 +0000  copying file ./Payload/getzonein.app/assets/src/assets/Images/nutrition@3x.png ... 
2095 bytes for ./Payload/getzonein.app/assets/src/assets/Images/nutrition@3x.png
copying file ./Payload/getzonein.app/assets/src/assets/Images/caloriesgoal.png ... 
2020-07-23 10:14:04 +0000  100720 bytes for ./Payload/getzonein.app/assets/src/assets/Images/caloriesgoal.png
2020-07-23 10:14:04 +0000  copying file ./Payload/getzonein.app/assets/src/assets/Images/newmeal.png ... 
2020-07-23 10:14:04 +0000  1719 bytes for ./Payload/getzonein.app/assets/src/assets/Images/newmeal.png
2020-07-23 10:14:04 +0000  copying file ./Payload/getzonein.app/assets/src/assets/Images/mewenagysnack.png ... 
2020-07-23 10:14:04 +0000  3426 bytes for ./Payload/getzonein.app/assets/src/assets/Images/mewenagysnack.png
copying file ./Payload/getzonein.app/assets/src/assets/Images/back@2x.png ... 
497 bytes for ./Payload/getzonein.app/assets/src/assets/Images/back@2x.png
2020-07-23 10:14:04 +0000  copying file ./Payload/getzonein.app/assets/src/assets/Images/add@2x.png ... 
340 bytes for ./Payload/getzonein.app/assets/src/assets/Images/add@2x.png
copying file ./Payload/getzonein.app/assets/src/assets/Images/home@2x.png ... 
2020-07-23 10:14:04 +0000  1662 bytes for ./Payload/getzonein.app/assets/src/assets/Images/home@2x.png
copying file ./Payload/getzonein.app/assets/src/assets/Images/unselectheart.png ... 
2020-07-23 10:14:04 +0000  3249 bytes for ./Payload/getzonein.app/assets/src/assets/Images/unselectheart.png
copying file ./Payload/getzonein.app/assets/src/assets/Images/settings_nutrition.png ... 
2020-07-23 10:14:04 +0000  2059 bytes for ./Payload/getzonein.app/assets/src/assets/Images/settings_nutrition.png
copying file ./Payload/getzonein.app/assets/src/assets/Images/questionicon.png ... 
2020-07-23 10:14:04 +0000  2577 bytes for ./Payload/getzonein.app/assets/src/assets/Images/questionicon.png
copying file ./Payload/getzonein.app/assets/src/assets/Images/run-blue.png ... 
2020-07-23 10:14:04 +0000  854 bytes for ./Payload/getzonein.app/assets/src/assets/Images/run-blue.png
copying file ./Payload/getzonein.app/assets/src/assets/Images/signal_02.png ... 
184 bytes for ./Payload/getzonein.app/assets/src/assets/Images/signal_02.png
2020-07-23 10:14:04 +0000  copying file ./Payload/getzonein.app/assets/src/assets/Images/mealicon.png ... 
2191 bytes for ./Payload/getzonein.app/assets/src/assets/Images/mealicon.png
copying file ./Payload/getzonein.app/assets/src/assets/Images/premeal.png ... 
2020-07-23 10:14:04 +0000  215210 bytes for ./Payload/getzonein.app/assets/src/assets/Images/premeal.png
copying file ./Payload/getzonein.app/assets/src/assets/Images/home@3x.png ... 
2020-07-23 10:14:04 +0000  2544 bytes for ./Payload/getzonein.app/assets/src/assets/Images/home@3x.png
copying file ./Payload/getzonein.app/assets/src/assets/Images/back@3x.png ... 
2020-07-23 10:14:04 +0000  671 bytes for ./Payload/getzonein.app/assets/src/assets/Images/back@3x.png
copying file ./Payload/getzonein.app/assets/src/assets/Images/add@3x.png ... 
548 bytes for ./Payload/getzonein.app/assets/src/assets/Images/add@3x.png
copying file ./Payload/getzonein.app/assets/src/assets/Images/signal_03.png ... 
2020-07-23 10:14:04 +0000  204 bytes for ./Payload/getzonein.app/assets/src/assets/Images/signal_03.png
copying file ./Payload/getzonein.app/assets/src/assets/Images/searchfood.gif ... 
2020-07-23 10:14:04 +0000  1151432 bytes for ./Payload/getzonein.app/assets/src/assets/Images/searchfood.gif
2020-07-23 10:14:04 +0000  copying file ./Payload/getzonein.app/assets/src/assets/Images/goalwater.png ... 
2020-07-23 10:14:04 +0000  211297 bytes for ./Payload/getzonein.app/assets/src/assets/Images/goalwater.png
copying file ./Payload/getzonein.app/assets/src/assets/Images/nutrition@2x.png ... 
2020-07-23 10:14:04 +0000  1507 bytes for ./Payload/getzonein.app/assets/src/assets/Images/nutrition@2x.png
copying file ./Payload/getzonein.app/assets/src/assets/Images/calender.png ... 
2020-07-23 10:14:04 +0000  298 bytes for ./Payload/getzonein.app/assets/src/assets/Images/calender.png
copying file ./Payload/getzonein.app/assets/src/assets/Images/zilogo.png ... 
2020-07-23 10:14:04 +0000  121032 bytes for ./Payload/getzonein.app/assets/src/assets/Images/zilogo.png
copying file ./Payload/getzonein.app/assets/src/assets/Images/profile@2x.png ... 
2020-07-23 10:14:04 +0000  1209 bytes for ./Payload/getzonein.app/assets/src/assets/Images/profile@2x.png
copying file ./Payload/getzonein.app/assets/src/assets/Images/signal_03@3x.png ... 
581 bytes for ./Payload/getzonein.app/assets/src/assets/Images/signal_03@3x.png
copying file ./Payload/getzonein.app/assets/src/assets/Images/options@3x.png ... 
2020-07-23 10:14:04 +0000  559 bytes for ./Payload/getzonein.app/assets/src/assets/Images/options@3x.png
copying file ./Payload/getzonein.app/assets/src/assets/Images/ratestaricon.png ... 
2020-07-23 10:14:04 +0000  2319 bytes for ./Payload/getzonein.app/assets/src/assets/Images/ratestaricon.png
copying file ./Payload/getzonein.app/assets/src/assets/Images/cancel@3x.png ... 
928 bytes for ./Payload/getzonein.app/assets/src/assets/Images/cancel@3x.png
2020-07-23 10:14:04 +0000  copying file ./Payload/getzonein.app/assets/src/assets/Images/energysnaks.png ... 
2020-07-23 10:14:04 +0000  55867 bytes for ./Payload/getzonein.app/assets/src/assets/Images/energysnaks.png
copying file ./Payload/getzonein.app/assets/src/assets/Images/reportcard.png ... 
2020-07-23 10:14:04 +0000  653 bytes for ./Payload/getzonein.app/assets/src/assets/Images/reportcard.png
copying file ./Payload/getzonein.app/assets/src/assets/Images/forward@2x.png ... 
518 bytes for ./Payload/getzonein.app/assets/src/assets/Images/forward@2x.png
2020-07-23 10:14:04 +0000  copying file ./Payload/getzonein.app/assets/src/assets/Images/cancel.png ... 
421 bytes for ./Payload/getzonein.app/assets/src/assets/Images/cancel.png
copying file ./Payload/getzonein.app/assets/src/assets/Images/weight@2x.png ... 
2020-07-23 10:14:04 +0000  679 bytes for ./Payload/getzonein.app/assets/src/assets/Images/weight@2x.png
2020-07-23 10:14:04 +0000  copying file ./Payload/getzonein.app/assets/src/assets/Images/accounticon.png ... 
1399 bytes for ./Payload/getzonein.app/assets/src/assets/Images/accounticon.png
copying file ./Payload/getzonein.app/assets/src/assets/Images/home.png ... 
2020-07-23 10:14:04 +0000  785 bytes for ./Payload/getzonein.app/assets/src/assets/Images/home.png
2020-07-23 10:14:04 +0000  copying file ./Payload/getzonein.app/assets/src/assets/Images/closeModal.png ... 
647 bytes for ./Payload/getzonein.app/assets/src/assets/Images/closeModal.png
copying file ./Payload/getzonein.app/assets/src/assets/Images/expand-arrow.png ... 
2020-07-23 10:14:04 +0000  440 bytes for ./Payload/getzonein.app/assets/src/assets/Images/expand-arrow.png
copying file ./Payload/getzonein.app/assets/src/assets/Images/restaurant.png ... 
765 bytes for ./Payload/getzonein.app/assets/src/assets/Images/restaurant.png
2020-07-23 10:14:04 +0000  copying file ./Payload/getzonein.app/assets/src/assets/Images/weight@3x.png ... 
874 bytes for ./Payload/getzonein.app/assets/src/assets/Images/weight@3x.png
copying file ./Payload/getzonein.app/assets/src/assets/Images/reset.png ... 
2020-07-23 10:14:04 +0000  867 bytes for ./Payload/getzonein.app/assets/src/assets/Images/reset.png
copying file ./Payload/getzonein.app/assets/src/assets/Images/forward@3x.png ... 
674 bytes for ./Payload/getzonein.app/assets/src/assets/Images/forward@3x.png
copying file ./Payload/getzonein.app/assets/src/assets/Images/carbsgoal.png ... 
2020-07-23 10:14:04 +0000  259624 bytes for ./Payload/getzonein.app/assets/src/assets/Images/carbsgoal.png
copying file ./Payload/getzonein.app/assets/src/assets/Images/goalbaadge.png ... 
2020-07-23 10:14:04 +0000  144748 bytes for ./Payload/getzonein.app/assets/src/assets/Images/goalbaadge.png
copying file ./Payload/getzonein.app/assets/src/assets/Images/foodanim.gif ... 
2020-07-23 10:14:04 +0000  2497144 bytes for ./Payload/getzonein.app/assets/src/assets/Images/foodanim.gif
copying file ./Payload/getzonein.app/assets/src/assets/Images/options@2x.png ... 
2020-07-23 10:14:04 +0000  391 bytes for ./Payload/getzonein.app/assets/src/assets/Images/options@2x.png
copying file ./Payload/getzonein.app/assets/src/assets/Images/cancel@2x.png ... 
749 bytes for ./Payload/getzonein.app/assets/src/assets/Images/cancel@2x.png
copying file ./Payload/getzonein.app/assets/src/assets/Images/plus_grey.png ... 
1478 bytes for ./Payload/getzonein.app/assets/src/assets/Images/plus_grey.png
copying file ./Payload/getzonein.app/assets/src/assets/Images/recoverysnak.png ... 
2020-07-23 10:14:04 +0000  74552 bytes for ./Payload/getzonein.app/assets/src/assets/Images/recoverysnak.png
copying file ./Payload/getzonein.app/assets/src/assets/Images/bulb.png ... 
2020-07-23 10:14:04 +0000  1471 bytes for ./Payload/getzonein.app/assets/src/assets/Images/bulb.png
copying file ./Payload/getzonein.app/assets/src/assets/Images/signal_03@2x.png ... 
2020-07-23 10:14:04 +0000  371 bytes for ./Payload/getzonein.app/assets/src/assets/Images/signal_03@2x.png
copying file ./Payload/getzonein.app/assets/src/assets/Images/checkmark.png ... 
575 bytes for ./Payload/getzonein.app/assets/src/assets/Images/checkmark.png
copying file ./Payload/getzonein.app/assets/src/assets/Images/bulbfull.png ... 
2020-07-23 10:14:04 +0000  901 bytes for ./Payload/getzonein.app/assets/src/assets/Images/bulbfull.png
copying file ./Payload/getzonein.app/assets/src/assets/Images/athletics.png ... 
2020-07-23 10:14:04 +0000  19471 bytes for ./Payload/getzonein.app/assets/src/assets/Images/athletics.png
copying file ./Payload/getzonein.app/assets/src/assets/Images/weight.png ... 
2020-07-23 10:14:04 +0000  477 bytes for ./Payload/getzonein.app/assets/src/assets/Images/weight.png
copying file ./Payload/getzonein.app/assets/src/assets/Images/run.png ... 
2020-07-23 10:14:04 +0000  896 bytes for ./Payload/getzonein.app/assets/src/assets/Images/run.png
copying file ./Payload/getzonein.app/assets/src/assets/Images/intro1.jpg ... 
2020-07-23 10:14:04 +0000  234255 bytes for ./Payload/getzonein.app/assets/src/assets/Images/intro1.jpg
copying file ./Payload/getzonein.app/assets/src/assets/Images/editdata.png ... 
2020-07-23 10:14:04 +0000  921 bytes for ./Payload/getzonein.app/assets/src/assets/Images/editdata.png
copying file ./Payload/getzonein.app/assets/src/assets/Images/left.png ... 
319 bytes for ./Payload/getzonein.app/assets/src/assets/Images/left.png
copying file ./Payload/getzonein.app/assets/src/assets/Images/nutitionview.png ... 
2020-07-23 10:14:05 +0000  1624935 bytes for ./Payload/getzonein.app/assets/src/assets/Images/nutitionview.png
2020-07-23 10:14:05 +0000  copying file ./Payload/getzonein.app/assets/src/assets/Images/splash.png ... 
2020-07-23 10:14:05 +0000  100633 bytes for ./Payload/getzonein.app/assets/src/assets/Images/splash.png
copying file ./Payload/getzonein.app/assets/src/assets/Images/newbreakfast.png ... 
2020-07-23 10:14:05 +0000  3478 bytes for ./Payload/getzonein.app/assets/src/assets/Images/newbreakfast.png
copying file ./Payload/getzonein.app/assets/src/assets/Images/usericon.png ... 
2408 bytes for ./Payload/getzonein.app/assets/src/assets/Images/usericon.png
copying file ./Payload/getzonein.app/assets/src/assets/Images/intro2.jpg ... 
2020-07-23 10:14:05 +0000  251183 bytes for ./Payload/getzonein.app/assets/src/assets/Images/intro2.jpg
2020-07-23 10:14:05 +0000  copying file ./Payload/getzonein.app/assets/src/assets/Images/forward.png ... 
2020-07-23 10:14:05 +0000  322 bytes for ./Payload/getzonein.app/assets/src/assets/Images/forward.png
2020-07-23 10:14:05 +0000  copying file ./Payload/getzonein.app/assets/src/assets/Images/nutrition_inactive.png ... 
2020-07-23 10:14:05 +0000  736 bytes for ./Payload/getzonein.app/assets/src/assets/Images/nutrition_inactive.png
copying file ./Payload/getzonein.app/assets/src/assets/Images/filter.png ... 
2020-07-23 10:14:05 +0000  198 bytes for ./Payload/getzonein.app/assets/src/assets/Images/filter.png
2020-07-23 10:14:05 +0000  copying file ./Payload/getzonein.app/assets/src/assets/Images/newlunch.png ... 
2094 bytes for ./Payload/getzonein.app/assets/src/assets/Images/newlunch.png
copying file ./Payload/getzonein.app/assets/src/assets/Images/icon_quicklog1.png ... 
2020-07-23 10:14:05 +0000  5742 bytes for ./Payload/getzonein.app/assets/src/assets/Images/icon_quicklog1.png
2020-07-23 10:14:05 +0000  copying file ./Payload/getzonein.app/assets/src/assets/Images/trophycup.png ... 
3448 bytes for ./Payload/getzonein.app/assets/src/assets/Images/trophycup.png
copying file ./Payload/getzonein.app/assets/src/assets/Images/icon_quicklog3.png ... 
2020-07-23 10:14:05 +0000  8796 bytes for ./Payload/getzonein.app/assets/src/assets/Images/icon_quicklog3.png
copying file ./Payload/getzonein.app/assets/src/assets/Images/profile.png ... 
2020-07-23 10:14:05 +0000  676 bytes for ./Payload/getzonein.app/assets/src/assets/Images/profile.png
copying file ./Payload/getzonein.app/assets/src/assets/Images/intro4.jpg ... 
2020-07-23 10:14:05 +0000  152221 bytes for ./Payload/getzonein.app/assets/src/assets/Images/intro4.jpg
2020-07-23 10:14:05 +0000  copying file ./Payload/getzonein.app/assets/src/assets/Images/options.png ... 
178 bytes for ./Payload/getzonein.app/assets/src/assets/Images/options.png
copying file ./Payload/getzonein.app/assets/src/assets/Images/clock.png ... 
2020-07-23 10:14:05 +0000  644 bytes for ./Payload/getzonein.app/assets/src/assets/Images/clock.png
copying file ./Payload/getzonein.app/assets/src/assets/Images/icon_quicklog2.png ... 
2020-07-23 10:14:05 +0000  8559 bytes for ./Payload/getzonein.app/assets/src/assets/Images/icon_quicklog2.png
2020-07-23 10:14:05 +0000  copying file ./Payload/getzonein.app/assets/src/assets/Images/exercise.png ... 
2020-07-23 10:14:05 +0000  22689 bytes for ./Payload/getzonein.app/assets/src/assets/Images/exercise.png
2020-07-23 10:14:05 +0000  copying file ./Payload/getzonein.app/assets/src/assets/Images/basketball.png ... 
2020-07-23 10:14:05 +0000  53694 bytes for ./Payload/getzonein.app/assets/src/assets/Images/basketball.png
2020-07-23 10:14:05 +0000  copying file ./Payload/getzonein.app/assets/src/assets/Images/aboutusicon.png ... 
2464 bytes for ./Payload/getzonein.app/assets/src/assets/Images/aboutusicon.png
2020-07-23 10:14:05 +0000  copying file ./Payload/getzonein.app/assets/src/assets/Images/unhealthyicon.png ... 
2951 bytes for ./Payload/getzonein.app/assets/src/assets/Images/unhealthyicon.png
copying file ./Payload/getzonein.app/assets/src/assets/Images/run@2x.png ... 
1830 bytes for ./Payload/getzonein.app/assets/src/assets/Images/run@2x.png
copying file ./Payload/getzonein.app/assets/src/assets/Images/faq.png ... 
1585 bytes for ./Payload/getzonein.app/assets/src/assets/Images/faq.png
copying file ./Payload/getzonein.app/assets/src/assets/Images/calender@2x.png ... 
484 bytes for ./Payload/getzonein.app/assets/src/assets/Images/calender@2x.png
copying file ./Payload/getzonein.app/assets/src/assets/Images/sendicon.png ... 
1434 bytes for ./Payload/getzonein.app/assets/src/assets/Images/sendicon.png
copying file ./Payload/getzonein.app/assets/src/assets/Images/minus_grey.png ... 
1450 bytes for ./Payload/getzonein.app/assets/src/assets/Images/minus_grey.png
copying file ./Payload/getzonein.app/assets/src/assets/Images/nutrition_inactive@2x.png ... 
1475 bytes for ./Payload/getzonein.app/assets/src/assets/Images/nutrition_inactive@2x.png
copying file ./Payload/getzonein.app/assets/src/assets/Images/trash.png ... 
620 bytes for ./Payload/getzonein.app/assets/src/assets/Images/trash.png
copying file ./Payload/getzonein.app/assets/src/assets/Images/signal_02@3x.png ... 
538 bytes for ./Payload/getzonein.app/assets/src/assets/Images/signal_02@3x.png
copying file ./Payload/getzonein.app/assets/src/assets/Images/run-blue@2x.png ... 
1768 bytes for ./Payload/getzonein.app/assets/src/assets/Images/run-blue@2x.png
copying file ./Payload/getzonein.app/assets/src/assets/Images/hydration.png ... 
1753 bytes for ./Payload/getzonein.app/assets/src/assets/Images/hydration.png
copying file ./Payload/getzonein.app/assets/src/assets/Images/run-blue@3x.png ... 
2020-07-23 10:14:05 +0000  2722 bytes for ./Payload/getzonein.app/assets/src/assets/Images/run-blue@3x.png
copying file ./Payload/getzonein.app/assets/src/assets/Images/drinks.png ... 
2020-07-23 10:14:05 +0000  285285 bytes for ./Payload/getzonein.app/assets/src/assets/Images/drinks.png
copying file ./Payload/getzonein.app/assets/src/assets/Images/signal_02@2x.png ... 
2020-07-23 10:14:05 +0000  335 bytes for ./Payload/getzonein.app/assets/src/assets/Images/signal_02@2x.png
copying file ./Payload/getzonein.app/assets/src/assets/Images/newsnack.png ... 
2081 bytes for ./Payload/getzonein.app/assets/src/assets/Images/newsnack.png
copying file ./Payload/getzonein.app/assets/src/assets/Images/nutrition_inactive@3x.png ... 
2020-07-23 10:14:05 +0000  2086 bytes for ./Payload/getzonein.app/assets/src/assets/Images/nutrition_inactive@3x.png
copying file ./Payload/getzonein.app/assets/src/assets/Images/back.png ... 
340 bytes for ./Payload/getzonein.app/assets/src/assets/Images/back.png
copying file ./Payload/getzonein.app/assets/src/assets/Images/right.png ... 
2020-07-23 10:14:05 +0000  272 bytes for ./Payload/getzonein.app/assets/src/assets/Images/right.png
copying file ./Payload/getzonein.app/assets/src/assets/Images/proteingoal.png ... 
2020-07-23 10:14:05 +0000  306288 bytes for ./Payload/getzonein.app/assets/src/assets/Images/proteingoal.png
copying file ./Payload/getzonein.app/assets/src/assets/Images/calender@3x.png ... 
2020-07-23 10:14:05 +0000  832 bytes for ./Payload/getzonein.app/assets/src/assets/Images/calender@3x.png
copying file ./Payload/getzonein.app/assets/src/assets/Images/run@3x.png ... 
2812 bytes for ./Payload/getzonein.app/assets/src/assets/Images/run@3x.png
copying file ./Payload/getzonein.app/assets/src/assets/Images/search_black@2x.png ... 
2020-07-23 10:14:05 +0000  1298 bytes for ./Payload/getzonein.app/assets/src/assets/Images/search_black@2x.png
copying file ./Payload/getzonein.app/assets/src/assets/Images/newprelunch.png ... 
2020-07-23 10:14:05 +0000  4644 bytes for ./Payload/getzonein.app/assets/src/assets/Images/newprelunch.png
copying file ./Payload/getzonein.app/FiraSans-Regular.ttf ... 
2020-07-23 10:14:05 +0000  440560 bytes for ./Payload/getzonein.app/FiraSans-Regular.ttf
copying file ./Payload/getzonein.app/Info.plist ... 
2020-07-23 10:14:05 +0000  1619 bytes for ./Payload/getzonein.app/Info.plist
copying file ./Payload/getzonein.app/FiraSans-Italic.ttf ... 
2020-07-23 10:14:05 +0000  456032 bytes for ./Payload/getzonein.app/FiraSans-Italic.ttf
copying file ./Payload/getzonein.app/PkgInfo ... 
2020-07-23 10:14:05 +0000  8 bytes for ./Payload/getzonein.app/PkgInfo
2020-07-23 10:14:05 +0000  /usr/bin/ditto exited with 0
2020-07-23 10:14:05 +0000  Processing step: IDEDistributionAppStoreInformationStep
2020-07-23 10:14:05 +0000  Skipping step: IDEDistributionAppStoreInformationStep because it said so
2020-07-23 10:14:05 +0000  Processing step: IDEDistributionGenerateProcessedDistributionItems
2020-07-23 10:14:05 +0000  Processing step: IDEDistributionCreateManifestStep
2020-07-23 10:14:05 +0000  Skipping step: IDEDistributionCreateManifestStep because it said so
